2025-07-29 18:10:32.017 | INFO     | __main__:main:37 - Starting FAISS index build process
2025-07-29 18:10:32.017 | INFO     | __main__:main:50 - Initializing SFDC client...
2025-07-29 18:10:32.017 | INFO     | src.data_extraction.sfdc_client:_connect:34 - Connecting to Salesforce with:
2025-07-29 18:10:32.017 | INFO     | src.data_extraction.sfdc_client:_connect:35 -   Username: jaykarki@algo.com
2025-07-29 18:10:32.017 | INFO     | src.data_extraction.sfdc_client:_connect:36 -   Login URL: https://login.salesforce.com
2025-07-29 18:10:32.017 | INFO     | src.data_extraction.sfdc_client:_connect:37 -   Domain: login
2025-07-29 18:10:32.017 | INFO     | src.data_extraction.sfdc_client:_connect:38 -   API Version: 58.0
2025-07-29 18:10:32.017 | INFO     | src.data_extraction.sfdc_client:_connect:39 -   Security Token: ************************
2025-07-29 18:10:33.368 | INFO     | src.data_extraction.sfdc_client:_connect:49 - Successfully connected to Salesforce
2025-07-29 18:10:33.748 | INFO     | src.data_extraction.sfdc_client:test_connection:220 - Salesforce connection test successful
2025-07-29 18:10:33.749 | INFO     | __main__:main:58 - Initializing text processor...
2025-07-29 18:10:33.749 | INFO     | __main__:main:61 - Initializing vector database...
2025-07-29 18:10:33.750 | INFO     | __main__:main:65 - Extracting case data from Salesforce...
2025-07-29 18:10:35.291 | INFO     | __main__:main:74 - Processing batch 1 with 200 records
2025-07-29 18:10:35.291 | INFO     | src.utils.text_processor:preprocess_case_data:29 - Preprocessing 200 case records
2025-07-29 18:10:36.234 | INFO     | __main__:main:74 - Processing batch 2 with 200 records
2025-07-29 18:10:36.234 | INFO     | src.utils.text_processor:preprocess_case_data:29 - Preprocessing 200 case records
2025-07-29 18:10:37.305 | INFO     | __main__:main:74 - Processing batch 3 with 200 records
2025-07-29 18:10:37.306 | INFO     | src.utils.text_processor:preprocess_case_data:29 - Preprocessing 200 case records
2025-07-29 18:10:38.547 | INFO     | __main__:main:74 - Processing batch 4 with 200 records
2025-07-29 18:10:38.547 | INFO     | src.utils.text_processor:preprocess_case_data:29 - Preprocessing 200 case records
2025-07-29 18:10:39.385 | INFO     | __main__:main:74 - Processing batch 5 with 200 records
2025-07-29 18:10:39.385 | INFO     | src.utils.text_processor:preprocess_case_data:29 - Preprocessing 200 case records
2025-07-29 18:10:39.427 | INFO     | src.utils.text_processor:preprocess_case_data:69 - Filtered out 1 records with insufficient text
2025-07-29 18:10:39.807 | INFO     | __main__:main:74 - Processing batch 6 with 200 records
2025-07-29 18:10:39.808 | INFO     | src.utils.text_processor:preprocess_case_data:29 - Preprocessing 200 case records
2025-07-29 18:10:39.820 | INFO     | src.utils.text_processor:preprocess_case_data:69 - Filtered out 200 records with insufficient text
2025-07-29 18:10:40.627 | INFO     | __main__:main:74 - Processing batch 7 with 200 records
2025-07-29 18:10:40.627 | INFO     | src.utils.text_processor:preprocess_case_data:29 - Preprocessing 200 case records
2025-07-29 18:10:40.640 | INFO     | src.utils.text_processor:preprocess_case_data:69 - Filtered out 200 records with insufficient text
2025-07-29 18:10:41.038 | INFO     | __main__:main:74 - Processing batch 8 with 200 records
2025-07-29 18:10:41.038 | INFO     | src.utils.text_processor:preprocess_case_data:29 - Preprocessing 200 case records
2025-07-29 18:10:41.049 | INFO     | src.utils.text_processor:preprocess_case_data:69 - Filtered out 200 records with insufficient text
2025-07-29 18:10:41.446 | INFO     | __main__:main:74 - Processing batch 9 with 200 records
2025-07-29 18:10:41.447 | INFO     | src.utils.text_processor:preprocess_case_data:29 - Preprocessing 200 case records
2025-07-29 18:10:41.458 | INFO     | src.utils.text_processor:preprocess_case_data:69 - Filtered out 200 records with insufficient text
2025-07-29 18:10:41.751 | INFO     | __main__:main:74 - Processing batch 10 with 200 records
2025-07-29 18:10:41.751 | INFO     | src.utils.text_processor:preprocess_case_data:29 - Preprocessing 200 case records
2025-07-29 18:10:41.762 | INFO     | src.utils.text_processor:preprocess_case_data:69 - Filtered out 200 records with insufficient text
2025-07-29 18:10:42.075 | INFO     | __main__:main:74 - Processing batch 11 with 85 records
2025-07-29 18:10:42.076 | INFO     | src.utils.text_processor:preprocess_case_data:29 - Preprocessing 85 case records
2025-07-29 18:10:42.081 | INFO     | src.utils.text_processor:preprocess_case_data:69 - Filtered out 85 records with insufficient text
2025-07-29 18:10:42.083 | INFO     | __main__:main:100 - Extracted 999 case records
2025-07-29 18:10:42.083 | INFO     | __main__:main:103 - Processing text data...
2025-07-29 18:10:42.083 | INFO     | src.utils.text_processor:preprocess_case_data:29 - Preprocessing 999 case records
2025-07-29 18:10:42.524 | INFO     | src.utils.text_processor:get_text_stats:216 - Text statistics: {'total_records': 999, 'avg_text_length': 9076.28128128128, 'min_text_length': 446, 'max_text_length': 20180, 'median_text_length': 10720.0, 'empty_text_count': 0}
2025-07-29 18:10:42.524 | INFO     | __main__:main:108 - Text processing complete. Stats: {'total_records': 999, 'avg_text_length': 9076.28128128128, 'min_text_length': 446, 'max_text_length': 20180, 'median_text_length': 10720.0, 'empty_text_count': 0}
2025-07-29 18:10:42.524 | INFO     | __main__:main:111 - Building FAISS vector index...
2025-07-29 18:10:42.524 | INFO     | src.vectorization.vector_db:build_index:79 - Building production-scale FAISS index from 999 cases
2025-07-29 18:10:42.524 | INFO     | src.vectorization.vector_db:_load_model:35 - Loading embedding model: nomic-embed-text-v1.5
2025-07-29 18:10:50.793 | ERROR    | __main__:main:142 - Error during index build: This modeling file requires the following packages that were not found in your environment: einops. Run `pip install einops`
