2025-07-29 18:11:51.898 | INFO     | __main__:main:37 - Starting FAISS index build process
2025-07-29 18:11:51.898 | INFO     | __main__:main:50 - Initializing SFDC client...
2025-07-29 18:11:51.898 | INFO     | src.data_extraction.sfdc_client:_connect:34 - Connecting to Salesforce with:
2025-07-29 18:11:51.898 | INFO     | src.data_extraction.sfdc_client:_connect:35 -   Username: jaykarki@algo.com
2025-07-29 18:11:51.898 | INFO     | src.data_extraction.sfdc_client:_connect:36 -   Login URL: https://login.salesforce.com
2025-07-29 18:11:51.898 | INFO     | src.data_extraction.sfdc_client:_connect:37 -   Domain: login
2025-07-29 18:11:51.898 | INFO     | src.data_extraction.sfdc_client:_connect:38 -   API Version: 58.0
2025-07-29 18:11:51.898 | INFO     | src.data_extraction.sfdc_client:_connect:39 -   Security Token: ************************
2025-07-29 18:11:53.259 | INFO     | src.data_extraction.sfdc_client:_connect:49 - Successfully connected to Salesforce
2025-07-29 18:11:53.748 | INFO     | src.data_extraction.sfdc_client:test_connection:220 - Salesforce connection test successful
2025-07-29 18:11:53.749 | INFO     | __main__:main:58 - Initializing text processor...
2025-07-29 18:11:53.749 | INFO     | __main__:main:61 - Initializing vector database...
2025-07-29 18:11:53.750 | INFO     | __main__:main:65 - Extracting case data from Salesforce...
2025-07-29 18:11:55.207 | INFO     | __main__:main:74 - Processing batch 1 with 200 records
2025-07-29 18:11:55.207 | INFO     | src.utils.text_processor:preprocess_case_data:29 - Preprocessing 200 case records
2025-07-29 18:11:56.226 | INFO     | __main__:main:74 - Processing batch 2 with 200 records
2025-07-29 18:11:56.226 | INFO     | src.utils.text_processor:preprocess_case_data:29 - Preprocessing 200 case records
2025-07-29 18:11:57.259 | INFO     | __main__:main:74 - Processing batch 3 with 200 records
2025-07-29 18:11:57.259 | INFO     | src.utils.text_processor:preprocess_case_data:29 - Preprocessing 200 case records
2025-07-29 18:11:58.378 | INFO     | __main__:main:74 - Processing batch 4 with 200 records
2025-07-29 18:11:58.378 | INFO     | src.utils.text_processor:preprocess_case_data:29 - Preprocessing 200 case records
2025-07-29 18:11:59.195 | INFO     | __main__:main:74 - Processing batch 5 with 200 records
2025-07-29 18:11:59.196 | INFO     | src.utils.text_processor:preprocess_case_data:29 - Preprocessing 200 case records
2025-07-29 18:11:59.249 | INFO     | src.utils.text_processor:preprocess_case_data:69 - Filtered out 1 records with insufficient text
2025-07-29 18:11:59.576 | INFO     | __main__:main:74 - Processing batch 6 with 200 records
2025-07-29 18:11:59.577 | INFO     | src.utils.text_processor:preprocess_case_data:29 - Preprocessing 200 case records
2025-07-29 18:11:59.589 | INFO     | src.utils.text_processor:preprocess_case_data:69 - Filtered out 200 records with insufficient text
2025-07-29 18:11:59.885 | INFO     | __main__:main:74 - Processing batch 7 with 200 records
2025-07-29 18:11:59.885 | INFO     | src.utils.text_processor:preprocess_case_data:29 - Preprocessing 200 case records
2025-07-29 18:11:59.893 | INFO     | src.utils.text_processor:preprocess_case_data:69 - Filtered out 200 records with insufficient text
2025-07-29 18:12:00.163 | INFO     | __main__:main:74 - Processing batch 8 with 200 records
2025-07-29 18:12:00.164 | INFO     | src.utils.text_processor:preprocess_case_data:29 - Preprocessing 200 case records
2025-07-29 18:12:00.177 | INFO     | src.utils.text_processor:preprocess_case_data:69 - Filtered out 200 records with insufficient text
2025-07-29 18:12:00.500 | INFO     | __main__:main:74 - Processing batch 9 with 200 records
2025-07-29 18:12:00.501 | INFO     | src.utils.text_processor:preprocess_case_data:29 - Preprocessing 200 case records
2025-07-29 18:12:00.515 | INFO     | src.utils.text_processor:preprocess_case_data:69 - Filtered out 200 records with insufficient text
2025-07-29 18:12:00.917 | INFO     | __main__:main:74 - Processing batch 10 with 200 records
2025-07-29 18:12:00.918 | INFO     | src.utils.text_processor:preprocess_case_data:29 - Preprocessing 200 case records
2025-07-29 18:12:00.932 | INFO     | src.utils.text_processor:preprocess_case_data:69 - Filtered out 200 records with insufficient text
2025-07-29 18:12:01.165 | INFO     | __main__:main:74 - Processing batch 11 with 85 records
2025-07-29 18:12:01.165 | INFO     | src.utils.text_processor:preprocess_case_data:29 - Preprocessing 85 case records
2025-07-29 18:12:01.174 | INFO     | src.utils.text_processor:preprocess_case_data:69 - Filtered out 85 records with insufficient text
2025-07-29 18:12:01.176 | INFO     | __main__:main:100 - Extracted 999 case records
2025-07-29 18:12:01.176 | INFO     | __main__:main:103 - Processing text data...
2025-07-29 18:12:01.176 | INFO     | src.utils.text_processor:preprocess_case_data:29 - Preprocessing 999 case records
2025-07-29 18:12:01.633 | INFO     | src.utils.text_processor:get_text_stats:216 - Text statistics: {'total_records': 999, 'avg_text_length': 9076.28128128128, 'min_text_length': 446, 'max_text_length': 20180, 'median_text_length': 10720.0, 'empty_text_count': 0}
2025-07-29 18:12:01.633 | INFO     | __main__:main:108 - Text processing complete. Stats: {'total_records': 999, 'avg_text_length': 9076.28128128128, 'min_text_length': 446, 'max_text_length': 20180, 'median_text_length': 10720.0, 'empty_text_count': 0}
2025-07-29 18:12:01.633 | INFO     | __main__:main:111 - Building FAISS vector index...
2025-07-29 18:12:01.633 | INFO     | src.vectorization.vector_db:build_index:79 - Building production-scale FAISS index from 999 cases
2025-07-29 18:12:01.633 | INFO     | src.vectorization.vector_db:_load_model:35 - Loading embedding model: nomic-embed-text-v1.5
